<?xml version="1.0" encoding="UTF-8"?>
<!-- Generated by org.testng.reporters.JUnitXMLReporter -->
<testsuite ignored="0" hostname="MacBook-Pro.home" failures="0" tests="2" name="Surefire test" time="28.954" errors="0" timestamp="2020-11-30T00:22:41 TRT">
  <testcase classname="org.FirstSeleniumJavaTest" name="testTwo on testTwo(org.FirstSeleniumJavaTest)" time="6.253"/>
  <testcase classname="org.FirstSeleniumJavaTest" name="testEasy on testEasy(org.FirstSeleniumJavaTest)" time="28.874"/>
</testsuite> <!-- Surefire test -->
