<?xml version="1.0" encoding="UTF-8"?>
<testng-results ignored="0" total="2" passed="2" failed="0" skipped="0">
  <reporter-output>
  </reporter-output>
  <suite started-at="2020-11-30T00:22:12 TRT" name="Surefire suite" finished-at="2020-11-30T00:22:41 TRT" duration-ms="28954">
    <groups>
    </groups>
    <test started-at="2020-11-30T00:22:12 TRT" name="Surefire test" finished-at="2020-11-30T00:22:41 TRT" duration-ms="28954">
      <class name="org.FirstSeleniumJavaTest">
        <test-method signature="testTwo()" started-at="2020-11-30T00:22:12 TRT" name="testTwo" finished-at="2020-11-30T00:22:18 TRT" duration-ms="6253" status="PASS">
          <reporter-output>
          </reporter-output>
        </test-method> <!-- testTwo -->
        <test-method signature="testEasy()" started-at="2020-11-30T00:22:12 TRT" name="testEasy" finished-at="2020-11-30T00:22:41 TRT" duration-ms="28874" status="PASS">
          <reporter-output>
          </reporter-output>
        </test-method> <!-- testEasy -->
      </class> <!-- org.FirstSeleniumJavaTest -->
    </test> <!-- Surefire test -->
  </suite> <!-- Surefire suite -->
</testng-results>
