<?xml version="1.0" encoding="UTF-8"?>
<testsuite xmlns:xsi="http://www.w3.org/2001/XMLSchema-instance" xsi:noNamespaceSchemaLocation="https://maven.apache.org/surefire/maven-surefire-plugin/xsd/surefire-test-report.xsd" name="org.FirstSeleniumJavaTest" time="29.323" tests="2" errors="0" skipped="0" failures="0">
  <properties>
[...]
</properties>
  <testcase name="testTwo on testTwo(org.FirstSeleniumJavaTest)" classname="org.FirstSeleniumJavaTest" time="6.279"/>
  <testcase name="testEasy on testEasy(org.FirstSeleniumJavaTest)" classname="org.FirstSeleniumJavaTest" time="22.583"/>
</testsuite>